

*******************************************************************************
Mon Mar 30 13:43:41 2026


FIT:    data read from "data1.txt" using 1:2
        format = x:z
        #datapoints = 11
        residuals are weighted equally (unit weight)

function used for fitting: f(x)
	f(x)=x**a * sin(b*x)
fitted parameters initialized with current variable values

iter      chisq       delta/lim  lambda   a             b            
   0 1.7339375837e+02   0.00e+00  4.08e+00    1.000000e+00   1.000000e+00
  11 4.2013506389e+01  -5.80e-01  4.08e-04    2.112547e+00   2.422396e-01

After 11 iterations the fit converged.
final sum of squares of residuals : 42.0135
rel. change during last iteration : -5.80103e-06

degrees of freedom    (FIT_NDF)                        : 9
rms of residuals      (FIT_STDFIT) = sqrt(WSSR/ndf)    : 2.16059
variance of residuals (reduced chisquare) = WSSR/ndf   : 4.66817

Final set of parameters            Asymptotic Standard Error
=======================            ==========================
a               = 2.11255          +/- 1.081        (51.15%)
b               = 0.24224          +/- 0.3071       (126.8%)

correlation matrix of the fit parameters:
                a      b      
a               1.000 
b              -0.990  1.000 


*******************************************************************************
Mon Mar 30 13:46:22 2026


FIT:    data read from "data1.txt" using 1:2
        format = x:z
        #datapoints = 11
        residuals are weighted equally (unit weight)

function used for fitting: f(x)
	f(x)=x**a * sin(b*x)
fitted parameters initialized with current variable values

iter      chisq       delta/lim  lambda   a             b            
   0 1.7339375837e+02   0.00e+00  4.08e+00    1.000000e+00   1.000000e+00
  11 4.2013506389e+01  -5.80e-01  4.08e-04    2.112547e+00   2.422396e-01

After 11 iterations the fit converged.
final sum of squares of residuals : 42.0135
rel. change during last iteration : -5.80103e-06

degrees of freedom    (FIT_NDF)                        : 9
rms of residuals      (FIT_STDFIT) = sqrt(WSSR/ndf)    : 2.16059
variance of residuals (reduced chisquare) = WSSR/ndf   : 4.66817

Final set of parameters            Asymptotic Standard Error
=======================            ==========================
a               = 2.11255          +/- 1.081        (51.15%)
b               = 0.24224          +/- 0.3071       (126.8%)

correlation matrix of the fit parameters:
                a      b      
a               1.000 
b              -0.990  1.000 


*******************************************************************************
Mon Mar 30 15:05:55 2026


FIT:    data read from "data2.txt" using 1:2
        format = x:z
        #datapoints = 6
        residuals are weighted equally (unit weight)

function used for fitting: f(x)
	f(x) = m*x + c
fitted parameters initialized with current variable values

iter      chisq       delta/lim  lambda   m             c            
   0 8.5583360000e+02   0.00e+00  4.53e+00    1.000000e+00   1.000000e+00
   5 3.1115846627e-03  -3.92e-08  4.53e-05   -5.734645e-01   1.999914e+01

After 5 iterations the fit converged.
final sum of squares of residuals : 0.00311158
rel. change during last iteration : -3.91647e-13

degrees of freedom    (FIT_NDF)                        : 4
rms of residuals      (FIT_STDFIT) = sqrt(WSSR/ndf)    : 0.0278908
variance of residuals (reduced chisquare) = WSSR/ndf   : 0.000777896

Final set of parameters            Asymptotic Standard Error
=======================            ==========================
m               = -0.573465        +/- 0.003311     (0.5773%)
c               = 19.9991          +/- 0.02094      (0.1047%)

correlation matrix of the fit parameters:
                m      c      
m               1.000 
c              -0.839  1.000 


*******************************************************************************
Mon Mar 30 15:06:27 2026


FIT:    data read from "data2.txt" using 1:2
        format = x:z
        #datapoints = 6
        residuals are weighted equally (unit weight)

function used for fitting: f(x)
	f(x) = m*x + c
fitted parameters initialized with current variable values

iter      chisq       delta/lim  lambda   m             c            
   0 8.5583360000e+02   0.00e+00  4.53e+00    1.000000e+00   1.000000e+00
   5 3.1115846627e-03  -3.92e-08  4.53e-05   -5.734645e-01   1.999914e+01

After 5 iterations the fit converged.
final sum of squares of residuals : 0.00311158
rel. change during last iteration : -3.91647e-13

degrees of freedom    (FIT_NDF)                        : 4
rms of residuals      (FIT_STDFIT) = sqrt(WSSR/ndf)    : 0.0278908
variance of residuals (reduced chisquare) = WSSR/ndf   : 0.000777896

Final set of parameters            Asymptotic Standard Error
=======================            ==========================
m               = -0.573465        +/- 0.003311     (0.5773%)
c               = 19.9991          +/- 0.02094      (0.1047%)

correlation matrix of the fit parameters:
                m      c      
m               1.000 
c              -0.839  1.000 


*******************************************************************************
Mon Mar 30 15:07:00 2026


FIT:    data read from "data2.txt" using 1:2
        format = x:z
        #datapoints = 6
        residuals are weighted equally (unit weight)

function used for fitting: f(x)
	f(x) = m*x + c
fitted parameters initialized with current variable values

iter      chisq       delta/lim  lambda   m             c            
   0 8.5583360000e+02   0.00e+00  4.53e+00    1.000000e+00   1.000000e+00
   5 3.1115846627e-03  -3.92e-08  4.53e-05   -5.734645e-01   1.999914e+01

After 5 iterations the fit converged.
final sum of squares of residuals : 0.00311158
rel. change during last iteration : -3.91647e-13

degrees of freedom    (FIT_NDF)                        : 4
rms of residuals      (FIT_STDFIT) = sqrt(WSSR/ndf)    : 0.0278908
variance of residuals (reduced chisquare) = WSSR/ndf   : 0.000777896

Final set of parameters            Asymptotic Standard Error
=======================            ==========================
m               = -0.573465        +/- 0.003311     (0.5773%)
c               = 19.9991          +/- 0.02094      (0.1047%)

correlation matrix of the fit parameters:
                m      c      
m               1.000 
c              -0.839  1.000 


*******************************************************************************
Mon Mar 30 15:33:27 2026


FIT:    data read from "data2.txt" using 1:2
        format = x:z
        #datapoints = 6
        residuals are weighted equally (unit weight)

function used for fitting: f(x)
	f(x) = m*x + c
fitted parameters initialized with current variable values

iter      chisq       delta/lim  lambda   m             c            
   0 8.5583360000e+02   0.00e+00  4.53e+00    1.000000e+00   1.000000e+00
   5 3.1115846627e-03  -3.92e-08  4.53e-05   -5.734645e-01   1.999914e+01

After 5 iterations the fit converged.
final sum of squares of residuals : 0.00311158
rel. change during last iteration : -3.91647e-13

degrees of freedom    (FIT_NDF)                        : 4
rms of residuals      (FIT_STDFIT) = sqrt(WSSR/ndf)    : 0.0278908
variance of residuals (reduced chisquare) = WSSR/ndf   : 0.000777896

Final set of parameters            Asymptotic Standard Error
=======================            ==========================
m               = -0.573465        +/- 0.003311     (0.5773%)
c               = 19.9991          +/- 0.02094      (0.1047%)

correlation matrix of the fit parameters:
                m      c      
m               1.000 
c              -0.839  1.000 


*******************************************************************************
Tue Mar 31 13:27:30 2026


FIT:    data read from "data3.txt" using 1:2
        format = x:z
        #datapoints = 11
        residuals are weighted equally (unit weight)

function used for fitting: f(x)
	f(x) = x**a * b**x
BREAK: Need via and either parameter list or file

*******************************************************************************
Tue Mar 31 13:28:18 2026


FIT:    data read from "data3.txt" using 1:2
        format = x:z
        #datapoints = 11
        residuals are weighted equally (unit weight)

function used for fitting: f(x)
	f(x) = x**a * b**x
fitted parameters initialized with current variable values

iter      chisq       delta/lim  lambda   a             b            
   0 1.2040261850e+03   0.00e+00  1.60e+00    1.000000e+00   1.000000e+00
   9 1.4031110084e+02  -8.54e-01  1.60e-07    3.261949e+00   1.645432e+00

After 9 iterations the fit converged.
final sum of squares of residuals : 140.311
rel. change during last iteration : -8.54229e-06

degrees of freedom    (FIT_NDF)                        : 9
rms of residuals      (FIT_STDFIT) = sqrt(WSSR/ndf)    : 3.94843
variance of residuals (reduced chisquare) = WSSR/ndf   : 15.5901

Final set of parameters            Asymptotic Standard Error
=======================            ==========================
a               = 3.26195          +/- 2.198        (67.39%)
b               = 1.64543          +/- 1.211        (73.62%)

correlation matrix of the fit parameters:
                a      b      
a               1.000 
b              -0.997  1.000 


*******************************************************************************
Tue Mar 31 13:46:35 2026


FIT:    data read from "data3.txt" using 1:2
        format = x:z
        #datapoints = 11
        residuals are weighted equally (unit weight)

function used for fitting: f(x)
	f(x) = x**a * b**x
fitted parameters initialized with current variable values

iter      chisq       delta/lim  lambda   a             b            
   0 1.2040261850e+03   0.00e+00  1.60e+00    1.000000e+00   1.000000e+00
   9 1.4031110084e+02  -8.54e-01  1.60e-07    3.261949e+00   1.645432e+00

After 9 iterations the fit converged.
final sum of squares of residuals : 140.311
rel. change during last iteration : -8.54229e-06

degrees of freedom    (FIT_NDF)                        : 9
rms of residuals      (FIT_STDFIT) = sqrt(WSSR/ndf)    : 3.94843
variance of residuals (reduced chisquare) = WSSR/ndf   : 15.5901

Final set of parameters            Asymptotic Standard Error
=======================            ==========================
a               = 3.26195          +/- 2.198        (67.39%)
b               = 1.64543          +/- 1.211        (73.62%)

correlation matrix of the fit parameters:
                a      b      
a               1.000 
b              -0.997  1.000 


*******************************************************************************
Tue Mar 31 13:47:04 2026


FIT:    data read from "data3.txt" using 1:2
        format = x:z
        #datapoints = 11
        residuals are weighted equally (unit weight)

function used for fitting: f(x)
	f(x) = x**a * b**x
fitted parameters initialized with current variable values

iter      chisq       delta/lim  lambda   a             b            
   0 1.2040261850e+03   0.00e+00  1.60e+00    1.000000e+00   1.000000e+00
   9 1.4031110084e+02  -8.54e-01  1.60e-07    3.261949e+00   1.645432e+00

After 9 iterations the fit converged.
final sum of squares of residuals : 140.311
rel. change during last iteration : -8.54229e-06

degrees of freedom    (FIT_NDF)                        : 9
rms of residuals      (FIT_STDFIT) = sqrt(WSSR/ndf)    : 3.94843
variance of residuals (reduced chisquare) = WSSR/ndf   : 15.5901

Final set of parameters            Asymptotic Standard Error
=======================            ==========================
a               = 3.26195          +/- 2.198        (67.39%)
b               = 1.64543          +/- 1.211        (73.62%)

correlation matrix of the fit parameters:
                a      b      
a               1.000 
b              -0.997  1.000 
